<?xml version="1.0" encoding="UTF-8"?>
<!-- Generated by org.testng.reporters.JUnitXMLReporter -->
<testsuite hostname="Administrator" ignored="0" name="Test" tests="2" failures="0" timestamp="07 May 2020 10:08:48 GMT" time="0.942" errors="0">
  <testcase name="@BeforeMethod launchBrowser" time="0.742" classname="com.tm.BaseClass.BaseClass">
    <failure type="java.lang.IllegalStateException" message="The driver executable does not exist: C:\Users\91770\eclipse-workspace\HRM\chromedriver.exe">
      <![CDATA[java.lang.IllegalStateException: The driver executable does not exist: C:\Users\91770\eclipse-workspace\HRM\chromedriver.exe
at com.google.common.base.Preconditions.checkState(Preconditions.java:585)
at org.openqa.selenium.remote.service.DriverService.checkExecutable(DriverService.java:146)
at org.openqa.selenium.remote.service.DriverService.findExecutable(DriverService.java:141)
at org.openqa.selenium.chrome.ChromeDriverService.access$000(ChromeDriverService.java:35)
at org.openqa.selenium.chrome.ChromeDriverService$Builder.findDefaultExecutable(ChromeDriverService.java:159)
at org.openqa.selenium.remote.service.DriverService$Builder.build(DriverService.java:355)
at org.openqa.selenium.chrome.ChromeDriverService.createDefaultService(ChromeDriverService.java:94)
at org.openqa.selenium.chrome.ChromeDriver.<init>(ChromeDriver.java:123)
at com.tm.BaseClass.BaseClass.launchBrowser(BaseClass.java:59)
... Removed 28 stack frames]]>
    </failure>
  </testcase> <!-- @BeforeMethod launchBrowser -->
  <testcase name="@AfterMethod closeBrowser" time="0.0" classname="com.tm.BaseClass.BaseClass">
    <skipped/>
  </testcase> <!-- @AfterMethod closeBrowser -->
  <testcase name="@BeforeMethod launchBrowser" time="0.0" classname="com.tm.BaseClass.BaseClass">
    <skipped/>
  </testcase> <!-- @BeforeMethod launchBrowser -->
  <testcase name="@AfterMethod closeBrowser" time="0.0" classname="com.tm.BaseClass.BaseClass">
    <skipped/>
  </testcase> <!-- @AfterMethod closeBrowser -->
  <testcase name="TC102_ApplyLeave" time="0.0" classname="com.tm.TestCases.TestCases_Leave">
    <skipped/>
  </testcase> <!-- TC102_ApplyLeave -->
  <testcase name="TC101_verifyLoginFunctionality" time="0.0" classname="com.tm.TestCases.TestCases_Leave">
    <skipped/>
  </testcase> <!-- TC101_verifyLoginFunctionality -->
</testsuite> <!-- Test -->
